Starting audit...
[WARN] /home/runner/work/iTrust2-v8-actions/iTrust2-v8-actions/iTrust2/.mvn/wrapper/MavenWrapperDownloader.java:16:16: Using the '.*' form of import should be avoided - java.net.*. [AvoidStarImport]
[WARN] /home/runner/work/iTrust2-v8-actions/iTrust2-v8-actions/iTrust2/.mvn/wrapper/MavenWrapperDownloader.java:17:15: Using the '.*' form of import should be avoided - java.io.*. [AvoidStarImport]
[WARN] /home/runner/work/iTrust2-v8-actions/iTrust2-v8-actions/iTrust2/.mvn/wrapper/MavenWrapperDownloader.java:18:25: Using the '.*' form of import should be avoided - java.nio.channels.*. [AvoidStarImport]
[WARN] /home/runner/work/iTrust2-v8-actions/iTrust2-v8-actions/iTrust2/.mvn/wrapper/MavenWrapperDownloader.java:21:1: Missing a Javadoc comment. [MissingJavadocType]
[WARN] /home/runner/work/iTrust2-v8-actions/iTrust2-v8-actions/iTrust2/.mvn/wrapper/MavenWrapperDownloader.java:23:5: Missing a Javadoc comment. [JavadocVariable]
[WARN] /home/runner/work/iTrust2-v8-actions/iTrust2-v8-actions/iTrust2/.mvn/wrapper/MavenWrapperDownloader.java:48:5: Missing a Javadoc comment. [MissingJavadocMethod]
[WARN] /home/runner/work/iTrust2-v8-actions/iTrust2-v8-actions/iTrust2/src/main/java/edu/ncsu/csc/iTrust2/ITrust2Application.java:8:1: Missing a Javadoc comment. [MissingJavadocType]
[WARN] /home/runner/work/iTrust2-v8-actions/iTrust2-v8-actions/iTrust2/src/main/java/edu/ncsu/csc/iTrust2/ITrust2Application.java:15:5: Missing a Javadoc comment. [MissingJavadocMethod]
[WARN] /home/runner/work/iTrust2-v8-actions/iTrust2-v8-actions/iTrust2/src/main/java/edu/ncsu/csc/iTrust2/models/security/LoginAttempt.java:38:5: Missing a Javadoc comment. [JavadocVariable]
[WARN] /home/runner/work/iTrust2-v8-actions/iTrust2-v8-actions/iTrust2/src/main/java/edu/ncsu/csc/iTrust2/models/security/LoginAttempt.java:42:5: Missing a Javadoc comment. [JavadocVariable]
[WARN] /home/runner/work/iTrust2-v8-actions/iTrust2-v8-actions/iTrust2/src/main/java/edu/ncsu/csc/iTrust2/models/security/LoginAttempt.java:44:5: Missing a Javadoc comment. [JavadocVariable]
[WARN] /home/runner/work/iTrust2-v8-actions/iTrust2-v8-actions/iTrust2/src/main/java/edu/ncsu/csc/iTrust2/models/security/LoginAttempt.java:48:5: Missing a Javadoc comment. [JavadocVariable]
[WARN] /home/runner/work/iTrust2-v8-actions/iTrust2-v8-actions/iTrust2/src/main/java/edu/ncsu/csc/iTrust2/models/security/LoginBan.java:33:5: Missing a Javadoc comment. [JavadocVariable]
[WARN] /home/runner/work/iTrust2-v8-actions/iTrust2-v8-actions/iTrust2/src/main/java/edu/ncsu/csc/iTrust2/models/security/LoginBan.java:37:5: Missing a Javadoc comment. [JavadocVariable]
[WARN] /home/runner/work/iTrust2-v8-actions/iTrust2-v8-actions/iTrust2/src/main/java/edu/ncsu/csc/iTrust2/models/security/LoginBan.java:39:5: Missing a Javadoc comment. [JavadocVariable]
[WARN] /home/runner/work/iTrust2-v8-actions/iTrust2-v8-actions/iTrust2/src/main/java/edu/ncsu/csc/iTrust2/models/security/LoginBan.java:43:5: Missing a Javadoc comment. [JavadocVariable]
[WARN] /home/runner/work/iTrust2-v8-actions/iTrust2-v8-actions/iTrust2/src/main/java/edu/ncsu/csc/iTrust2/models/security/LoginLockout.java:34:5: Missing a Javadoc comment. [JavadocVariable]
[WARN] /home/runner/work/iTrust2-v8-actions/iTrust2-v8-actions/iTrust2/src/main/java/edu/ncsu/csc/iTrust2/models/security/LoginLockout.java:38:5: Missing a Javadoc comment. [JavadocVariable]
[WARN] /home/runner/work/iTrust2-v8-actions/iTrust2-v8-actions/iTrust2/src/main/java/edu/ncsu/csc/iTrust2/models/security/LoginLockout.java:40:5: Missing a Javadoc comment. [JavadocVariable]
[WARN] /home/runner/work/iTrust2-v8-actions/iTrust2-v8-actions/iTrust2/src/main/java/edu/ncsu/csc/iTrust2/models/security/LoginLockout.java:44:5: Missing a Javadoc comment. [JavadocVariable]
[WARN] /home/runner/work/iTrust2-v8-actions/iTrust2-v8-actions/iTrust2/src/main/java/edu/ncsu/csc/iTrust2/models/security/LogEntry.java:112: At-clause should have a non-empty description. [NonEmptyAtclauseDescription]
[WARN] /home/runner/work/iTrust2-v8-actions/iTrust2-v8-actions/iTrust2/src/main/java/edu/ncsu/csc/iTrust2/models/Drug.java:41:5: Missing a Javadoc comment. [JavadocVariable]
[WARN] /home/runner/work/iTrust2-v8-actions/iTrust2-v8-actions/iTrust2/src/main/java/edu/ncsu/csc/iTrust2/models/Drug.java:45:5: Missing a Javadoc comment. [JavadocVariable]
[WARN] /home/runner/work/iTrust2-v8-actions/iTrust2-v8-actions/iTrust2/src/main/java/edu/ncsu/csc/iTrust2/models/Drug.java:48:5: Missing a Javadoc comment. [JavadocVariable]
[WARN] /home/runner/work/iTrust2-v8-actions/iTrust2-v8-actions/iTrust2/src/main/java/edu/ncsu/csc/iTrust2/models/Drug.java:52:5: Missing a Javadoc comment. [JavadocVariable]
[WARN] /home/runner/work/iTrust2-v8-actions/iTrust2-v8-actions/iTrust2/src/main/java/edu/ncsu/csc/iTrust2/models/ICDCode.java:21:5: Missing a Javadoc comment. [JavadocVariable]
[WARN] /home/runner/work/iTrust2-v8-actions/iTrust2-v8-actions/iTrust2/src/main/java/edu/ncsu/csc/iTrust2/models/ICDCode.java:135:5: Definition of 'equals()' without corresponding definition of 'hashCode()'. [EqualsHashCode]
[WARN] /home/runner/work/iTrust2-v8-actions/iTrust2-v8-actions/iTrust2/src/main/java/edu/ncsu/csc/iTrust2/models/ICDCode.java:144:5: Missing a Javadoc comment. [MissingJavadocMethod]
[WARN] /home/runner/work/iTrust2-v8-actions/iTrust2-v8-actions/iTrust2/src/main/java/edu/ncsu/csc/iTrust2/models/Personnel.java:14:1: Missing a Javadoc comment. [MissingJavadocType]
[WARN] /home/runner/work/iTrust2-v8-actions/iTrust2-v8-actions/iTrust2/src/main/java/edu/ncsu/csc/iTrust2/models/Personnel.java:24:5: Missing a Javadoc comment. [MissingJavadocMethod]
[WARN] /home/runner/work/iTrust2-v8-actions/iTrust2-v8-actions/iTrust2/src/main/java/edu/ncsu/csc/iTrust2/models/Email.java:11:1: Missing a Javadoc comment. [MissingJavadocType]
[WARN] /home/runner/work/iTrust2-v8-actions/iTrust2-v8-actions/iTrust2/src/main/java/edu/ncsu/csc/iTrust2/models/Email.java:14:5: Missing a Javadoc comment. [JavadocVariable]
[WARN] /home/runner/work/iTrust2-v8-actions/iTrust2-v8-actions/iTrust2/src/main/java/edu/ncsu/csc/iTrust2/models/Email.java:18:5: Missing a Javadoc comment. [JavadocVariable]
[WARN] /home/runner/work/iTrust2-v8-actions/iTrust2-v8-actions/iTrust2/src/main/java/edu/ncsu/csc/iTrust2/models/Email.java:21:5: Missing a Javadoc comment. [JavadocVariable]
[WARN] /home/runner/work/iTrust2-v8-actions/iTrust2-v8-actions/iTrust2/src/main/java/edu/ncsu/csc/iTrust2/models/Email.java:26:5: Missing a Javadoc comment. [JavadocVariable]
[WARN] /home/runner/work/iTrust2-v8-actions/iTrust2-v8-actions/iTrust2/src/main/java/edu/ncsu/csc/iTrust2/models/Email.java:29:5: Missing a Javadoc comment. [JavadocVariable]
[WARN] /home/runner/work/iTrust2-v8-actions/iTrust2-v8-actions/iTrust2/src/main/java/edu/ncsu/csc/iTrust2/models/Email.java:32:5: Missing a Javadoc comment. [MissingJavadocMethod]
[WARN] /home/runner/work/iTrust2-v8-actions/iTrust2-v8-actions/iTrust2/src/main/java/edu/ncsu/csc/iTrust2/models/Email.java:39:5: Missing a Javadoc comment. [MissingJavadocMethod]
[WARN] /home/runner/work/iTrust2-v8-actions/iTrust2-v8-actions/iTrust2/src/main/java/edu/ncsu/csc/iTrust2/models/Email.java:43:5: Missing a Javadoc comment. [MissingJavadocMethod]
[WARN] /home/runner/work/iTrust2-v8-actions/iTrust2-v8-actions/iTrust2/src/main/java/edu/ncsu/csc/iTrust2/models/Email.java:47:5: Missing a Javadoc comment. [MissingJavadocMethod]
[WARN] /home/runner/work/iTrust2-v8-actions/iTrust2-v8-actions/iTrust2/src/main/java/edu/ncsu/csc/iTrust2/models/Email.java:51:5: Missing a Javadoc comment. [MissingJavadocMethod]
[WARN] /home/runner/work/iTrust2-v8-actions/iTrust2-v8-actions/iTrust2/src/main/java/edu/ncsu/csc/iTrust2/models/Email.java:55:5: Missing a Javadoc comment. [MissingJavadocMethod]
[WARN] /home/runner/work/iTrust2-v8-actions/iTrust2-v8-actions/iTrust2/src/main/java/edu/ncsu/csc/iTrust2/models/Email.java:59:5: Missing a Javadoc comment. [MissingJavadocMethod]
[WARN] /home/runner/work/iTrust2-v8-actions/iTrust2-v8-actions/iTrust2/src/main/java/edu/ncsu/csc/iTrust2/models/Email.java:63:5: Missing a Javadoc comment. [MissingJavadocMethod]
[WARN] /home/runner/work/iTrust2-v8-actions/iTrust2-v8-actions/iTrust2/src/main/java/edu/ncsu/csc/iTrust2/models/Email.java:67:5: Missing a Javadoc comment. [MissingJavadocMethod]
[WARN] /home/runner/work/iTrust2-v8-actions/iTrust2-v8-actions/iTrust2/src/main/java/edu/ncsu/csc/iTrust2/models/Email.java:71:5: Missing a Javadoc comment. [MissingJavadocMethod]
[WARN] /home/runner/work/iTrust2-v8-actions/iTrust2-v8-actions/iTrust2/src/main/java/edu/ncsu/csc/iTrust2/models/Email.java:75:5: Missing a Javadoc comment. [MissingJavadocMethod]
[WARN] /home/runner/work/iTrust2-v8-actions/iTrust2-v8-actions/iTrust2/src/main/java/edu/ncsu/csc/iTrust2/models/OfficeVisit.java:113:5: Missing a Javadoc comment. [JavadocVariable]
[WARN] /home/runner/work/iTrust2-v8-actions/iTrust2-v8-actions/iTrust2/src/main/java/edu/ncsu/csc/iTrust2/models/OfficeVisit.java:121:5: Missing a Javadoc comment. [MissingJavadocMethod]
[WARN] /home/runner/work/iTrust2-v8-actions/iTrust2-v8-actions/iTrust2/src/main/java/edu/ncsu/csc/iTrust2/models/Patient.java:25:1: Missing a Javadoc comment. [MissingJavadocType]
[WARN] /home/runner/work/iTrust2-v8-actions/iTrust2-v8-actions/iTrust2/src/main/java/edu/ncsu/csc/iTrust2/models/Patient.java:136:5: Missing a Javadoc comment. [MissingJavadocMethod]
[WARN] /home/runner/work/iTrust2-v8-actions/iTrust2-v8-actions/iTrust2/src/main/java/edu/ncsu/csc/iTrust2/models/Patient.java:143:5: Missing a Javadoc comment. [MissingJavadocMethod]
[WARN] /home/runner/work/iTrust2-v8-actions/iTrust2-v8-actions/iTrust2/src/main/java/edu/ncsu/csc/iTrust2/models/Patient.java:172:5: Missing a Javadoc comment. [MissingJavadocMethod]
[WARN] /home/runner/work/iTrust2-v8-actions/iTrust2-v8-actions/iTrust2/src/main/java/edu/ncsu/csc/iTrust2/models/Patient.java:176:5: Missing a Javadoc comment. [MissingJavadocMethod]
[WARN] /home/runner/work/iTrust2-v8-actions/iTrust2-v8-actions/iTrust2/src/main/java/edu/ncsu/csc/iTrust2/models/Patient.java:180:5: Missing a Javadoc comment. [MissingJavadocMethod]
[WARN] /home/runner/work/iTrust2-v8-actions/iTrust2-v8-actions/iTrust2/src/main/java/edu/ncsu/csc/iTrust2/models/Patient.java:184:5: Missing a Javadoc comment. [MissingJavadocMethod]
[WARN] /home/runner/work/iTrust2-v8-actions/iTrust2-v8-actions/iTrust2/src/main/java/edu/ncsu/csc/iTrust2/models/Patient.java:188:5: Missing a Javadoc comment. [MissingJavadocMethod]
[WARN] /home/runner/work/iTrust2-v8-actions/iTrust2-v8-actions/iTrust2/src/main/java/edu/ncsu/csc/iTrust2/models/Patient.java:192:5: Missing a Javadoc comment. [MissingJavadocMethod]
[WARN] /home/runner/work/iTrust2-v8-actions/iTrust2-v8-actions/iTrust2/src/main/java/edu/ncsu/csc/iTrust2/models/Patient.java:196:5: Missing a Javadoc comment. [MissingJavadocMethod]
[WARN] /home/runner/work/iTrust2-v8-actions/iTrust2-v8-actions/iTrust2/src/main/java/edu/ncsu/csc/iTrust2/models/Patient.java:200:5: Missing a Javadoc comment. [MissingJavadocMethod]
[WARN] /home/runner/work/iTrust2-v8-actions/iTrust2-v8-actions/iTrust2/src/main/java/edu/ncsu/csc/iTrust2/models/Patient.java:204:5: Missing a Javadoc comment. [MissingJavadocMethod]
[WARN] /home/runner/work/iTrust2-v8-actions/iTrust2-v8-actions/iTrust2/src/main/java/edu/ncsu/csc/iTrust2/models/Patient.java:208:5: Missing a Javadoc comment. [MissingJavadocMethod]
[WARN] /home/runner/work/iTrust2-v8-actions/iTrust2-v8-actions/iTrust2/src/main/java/edu/ncsu/csc/iTrust2/models/Patient.java:212:5: Missing a Javadoc comment. [MissingJavadocMethod]
[WARN] /home/runner/work/iTrust2-v8-actions/iTrust2-v8-actions/iTrust2/src/main/java/edu/ncsu/csc/iTrust2/models/Patient.java:216:5: Missing a Javadoc comment. [MissingJavadocMethod]
[WARN] /home/runner/work/iTrust2-v8-actions/iTrust2-v8-actions/iTrust2/src/main/java/edu/ncsu/csc/iTrust2/models/Patient.java:220:5: Missing a Javadoc comment. [MissingJavadocMethod]
[WARN] /home/runner/work/iTrust2-v8-actions/iTrust2-v8-actions/iTrust2/src/main/java/edu/ncsu/csc/iTrust2/models/Patient.java:224:5: Missing a Javadoc comment. [MissingJavadocMethod]
[WARN] /home/runner/work/iTrust2-v8-actions/iTrust2-v8-actions/iTrust2/src/main/java/edu/ncsu/csc/iTrust2/models/Patient.java:228:5: Missing a Javadoc comment. [MissingJavadocMethod]
[WARN] /home/runner/work/iTrust2-v8-actions/iTrust2-v8-actions/iTrust2/src/main/java/edu/ncsu/csc/iTrust2/models/Patient.java:232:5: Missing a Javadoc comment. [MissingJavadocMethod]
[WARN] /home/runner/work/iTrust2-v8-actions/iTrust2-v8-actions/iTrust2/src/main/java/edu/ncsu/csc/iTrust2/models/Patient.java:236:5: Missing a Javadoc comment. [MissingJavadocMethod]
[WARN] /home/runner/work/iTrust2-v8-actions/iTrust2-v8-actions/iTrust2/src/main/java/edu/ncsu/csc/iTrust2/models/Patient.java:240:5: Missing a Javadoc comment. [MissingJavadocMethod]
[WARN] /home/runner/work/iTrust2-v8-actions/iTrust2-v8-actions/iTrust2/src/main/java/edu/ncsu/csc/iTrust2/models/Patient.java:244:5: Missing a Javadoc comment. [MissingJavadocMethod]
[WARN] /home/runner/work/iTrust2-v8-actions/iTrust2-v8-actions/iTrust2/src/main/java/edu/ncsu/csc/iTrust2/models/Patient.java:248:5: Missing a Javadoc comment. [MissingJavadocMethod]
[WARN] /home/runner/work/iTrust2-v8-actions/iTrust2-v8-actions/iTrust2/src/main/java/edu/ncsu/csc/iTrust2/models/Patient.java:252:5: Missing a Javadoc comment. [MissingJavadocMethod]
[WARN] /home/runner/work/iTrust2-v8-actions/iTrust2-v8-actions/iTrust2/src/main/java/edu/ncsu/csc/iTrust2/models/Patient.java:256:5: Missing a Javadoc comment. [MissingJavadocMethod]
[WARN] /home/runner/work/iTrust2-v8-actions/iTrust2-v8-actions/iTrust2/src/main/java/edu/ncsu/csc/iTrust2/models/Patient.java:260:5: Missing a Javadoc comment. [MissingJavadocMethod]
[WARN] /home/runner/work/iTrust2-v8-actions/iTrust2-v8-actions/iTrust2/src/main/java/edu/ncsu/csc/iTrust2/models/Patient.java:264:5: Missing a Javadoc comment. [MissingJavadocMethod]
[WARN] /home/runner/work/iTrust2-v8-actions/iTrust2-v8-actions/iTrust2/src/main/java/edu/ncsu/csc/iTrust2/models/Patient.java:268:5: Missing a Javadoc comment. [MissingJavadocMethod]
[WARN] /home/runner/work/iTrust2-v8-actions/iTrust2-v8-actions/iTrust2/src/main/java/edu/ncsu/csc/iTrust2/models/Patient.java:272:5: Missing a Javadoc comment. [MissingJavadocMethod]
[WARN] /home/runner/work/iTrust2-v8-actions/iTrust2-v8-actions/iTrust2/src/main/java/edu/ncsu/csc/iTrust2/models/Patient.java:276:5: Missing a Javadoc comment. [MissingJavadocMethod]
[WARN] /home/runner/work/iTrust2-v8-actions/iTrust2-v8-actions/iTrust2/src/main/java/edu/ncsu/csc/iTrust2/models/Patient.java:280:5: Missing a Javadoc comment. [MissingJavadocMethod]
[WARN] /home/runner/work/iTrust2-v8-actions/iTrust2-v8-actions/iTrust2/src/main/java/edu/ncsu/csc/iTrust2/models/Patient.java:284:5: Missing a Javadoc comment. [MissingJavadocMethod]
[WARN] /home/runner/work/iTrust2-v8-actions/iTrust2-v8-actions/iTrust2/src/main/java/edu/ncsu/csc/iTrust2/models/Patient.java:288:5: Missing a Javadoc comment. [MissingJavadocMethod]
[WARN] /home/runner/work/iTrust2-v8-actions/iTrust2-v8-actions/iTrust2/src/main/java/edu/ncsu/csc/iTrust2/models/Patient.java:292:5: Missing a Javadoc comment. [MissingJavadocMethod]
[WARN] /home/runner/work/iTrust2-v8-actions/iTrust2-v8-actions/iTrust2/src/main/java/edu/ncsu/csc/iTrust2/models/Patient.java:296:5: Missing a Javadoc comment. [MissingJavadocMethod]
[WARN] /home/runner/work/iTrust2-v8-actions/iTrust2-v8-actions/iTrust2/src/main/java/edu/ncsu/csc/iTrust2/models/enums/PatientSmokingStatus.java:39:5: ';' is preceded with whitespace. [NoWhitespaceBefore]
[WARN] /home/runner/work/iTrust2-v8-actions/iTrust2-v8-actions/iTrust2/src/main/java/edu/ncsu/csc/iTrust2/models/enums/HouseholdSmokingStatus.java:28:5: ';' is preceded with whitespace. [NoWhitespaceBefore]
[WARN] /home/runner/work/iTrust2-v8-actions/iTrust2-v8-actions/iTrust2/src/main/java/edu/ncsu/csc/iTrust2/models/enums/Status.java:30:5: ';' is preceded with whitespace. [NoWhitespaceBefore]
[WARN] /home/runner/work/iTrust2-v8-actions/iTrust2-v8-actions/iTrust2/src/main/java/edu/ncsu/csc/iTrust2/models/enums/AppointmentType.java:26:5: ';' is preceded with whitespace. [NoWhitespaceBefore]
[WARN] /home/runner/work/iTrust2-v8-actions/iTrust2-v8-actions/iTrust2/src/main/java/edu/ncsu/csc/iTrust2/models/Diagnosis.java:25:5: Missing a Javadoc comment. [JavadocVariable]
[WARN] /home/runner/work/iTrust2-v8-actions/iTrust2-v8-actions/iTrust2/src/main/java/edu/ncsu/csc/iTrust2/models/Diagnosis.java:31:5: Missing a Javadoc comment. [JavadocVariable]
[WARN] /home/runner/work/iTrust2-v8-actions/iTrust2-v8-actions/iTrust2/src/main/java/edu/ncsu/csc/iTrust2/models/Diagnosis.java:33:5: Missing a Javadoc comment. [JavadocVariable]
[WARN] /home/runner/work/iTrust2-v8-actions/iTrust2-v8-actions/iTrust2/src/main/java/edu/ncsu/csc/iTrust2/models/Diagnosis.java:37:5: Missing a Javadoc comment. [JavadocVariable]
[WARN] /home/runner/work/iTrust2-v8-actions/iTrust2-v8-actions/iTrust2/src/main/java/edu/ncsu/csc/iTrust2/models/DomainObject.java:15:5: Missing a Javadoc comment. [MissingJavadocMethod]
[WARN] /home/runner/work/iTrust2-v8-actions/iTrust2-v8-actions/iTrust2/src/main/java/edu/ncsu/csc/iTrust2/models/Prescription.java:33:5: Missing a Javadoc comment. [JavadocVariable]
[WARN] /home/runner/work/iTrust2-v8-actions/iTrust2-v8-actions/iTrust2/src/main/java/edu/ncsu/csc/iTrust2/models/Prescription.java:37:5: Missing a Javadoc comment. [JavadocVariable]
[WARN] /home/runner/work/iTrust2-v8-actions/iTrust2-v8-actions/iTrust2/src/main/java/edu/ncsu/csc/iTrust2/models/Prescription.java:41:5: Missing a Javadoc comment. [JavadocVariable]
[WARN] /home/runner/work/iTrust2-v8-actions/iTrust2-v8-actions/iTrust2/src/main/java/edu/ncsu/csc/iTrust2/models/Prescription.java:44:5: Missing a Javadoc comment. [JavadocVariable]
[WARN] /home/runner/work/iTrust2-v8-actions/iTrust2-v8-actions/iTrust2/src/main/java/edu/ncsu/csc/iTrust2/models/Prescription.java:51:5: Missing a Javadoc comment. [JavadocVariable]
[WARN] /home/runner/work/iTrust2-v8-actions/iTrust2-v8-actions/iTrust2/src/main/java/edu/ncsu/csc/iTrust2/models/Prescription.java:58:5: Missing a Javadoc comment. [JavadocVariable]
[WARN] /home/runner/work/iTrust2-v8-actions/iTrust2-v8-actions/iTrust2/src/main/java/edu/ncsu/csc/iTrust2/models/Prescription.java:61:5: Missing a Javadoc comment. [JavadocVariable]
[WARN] /home/runner/work/iTrust2-v8-actions/iTrust2-v8-actions/iTrust2/src/main/java/edu/ncsu/csc/iTrust2/controllers/api/APIDiagnosisController.java:33:5: Missing a Javadoc comment. [JavadocVariable]
[WARN] /home/runner/work/iTrust2-v8-actions/iTrust2-v8-actions/iTrust2/src/main/java/edu/ncsu/csc/iTrust2/controllers/api/APIDiagnosisController.java:36:5: Missing a Javadoc comment. [JavadocVariable]
[WARN] /home/runner/work/iTrust2-v8-actions/iTrust2-v8-actions/iTrust2/src/main/java/edu/ncsu/csc/iTrust2/controllers/api/APIDiagnosisController.java:39:5: Missing a Javadoc comment. [JavadocVariable]
[WARN] /home/runner/work/iTrust2-v8-actions/iTrust2-v8-actions/iTrust2/src/main/java/edu/ncsu/csc/iTrust2/controllers/api/APIDiagnosisController.java:42:5: Missing a Javadoc comment. [JavadocVariable]
[WARN] /home/runner/work/iTrust2-v8-actions/iTrust2-v8-actions/iTrust2/src/main/java/edu/ncsu/csc/iTrust2/controllers/api/APIUserController.java:66:5: Missing a Javadoc comment. [JavadocVariable]
[WARN] /home/runner/work/iTrust2-v8-actions/iTrust2-v8-actions/iTrust2/src/main/java/edu/ncsu/csc/iTrust2/controllers/api/APIUserController.java:69:5: Missing a Javadoc comment. [JavadocVariable]
[WARN] /home/runner/work/iTrust2-v8-actions/iTrust2-v8-actions/iTrust2/src/main/java/edu/ncsu/csc/iTrust2/controllers/api/APIUserController.java:72:5: Missing a Javadoc comment. [JavadocVariable]
[WARN] /home/runner/work/iTrust2-v8-actions/iTrust2-v8-actions/iTrust2/src/main/java/edu/ncsu/csc/iTrust2/controllers/api/APIUserController.java:231:5: Missing a Javadoc comment. [MissingJavadocMethod]
[WARN] /home/runner/work/iTrust2-v8-actions/iTrust2-v8-actions/iTrust2/src/main/java/edu/ncsu/csc/iTrust2/controllers/api/APIPersonnelController.java:33:5: Missing a Javadoc comment. [JavadocVariable]
[WARN] /home/runner/work/iTrust2-v8-actions/iTrust2-v8-actions/iTrust2/src/main/java/edu/ncsu/csc/iTrust2/controllers/api/APIPersonnelController.java:36:5: Missing a Javadoc comment. [JavadocVariable]
[WARN] /home/runner/work/iTrust2-v8-actions/iTrust2-v8-actions/iTrust2/src/main/java/edu/ncsu/csc/iTrust2/controllers/api/APIAppointmentRequestController.java:40:5: Missing a Javadoc comment. [JavadocVariable]
[WARN] /home/runner/work/iTrust2-v8-actions/iTrust2-v8-actions/iTrust2/src/main/java/edu/ncsu/csc/iTrust2/controllers/api/APIAppointmentRequestController.java:43:5: Missing a Javadoc comment. [JavadocVariable]
[WARN] /home/runner/work/iTrust2-v8-actions/iTrust2-v8-actions/iTrust2/src/main/java/edu/ncsu/csc/iTrust2/controllers/api/APIAppointmentRequestController.java:46:5: Missing a Javadoc comment. [JavadocVariable]
[WARN] /home/runner/work/iTrust2-v8-actions/iTrust2-v8-actions/iTrust2/src/main/java/edu/ncsu/csc/iTrust2/controllers/api/APIPatientController.java:37:5: Missing a Javadoc comment. [JavadocVariable]
[WARN] /home/runner/work/iTrust2-v8-actions/iTrust2-v8-actions/iTrust2/src/main/java/edu/ncsu/csc/iTrust2/controllers/api/APIPatientController.java:40:5: Missing a Javadoc comment. [JavadocVariable]
[WARN] /home/runner/work/iTrust2-v8-actions/iTrust2-v8-actions/iTrust2/src/main/java/edu/ncsu/csc/iTrust2/controllers/api/APIPatientController.java:43:5: Missing a Javadoc comment. [JavadocVariable]
[WARN] /home/runner/work/iTrust2-v8-actions/iTrust2-v8-actions/iTrust2/src/main/java/edu/ncsu/csc/iTrust2/controllers/api/APIOfficeVisitController.java:24:1: Missing a Javadoc comment. [MissingJavadocType]
[WARN] /home/runner/work/iTrust2-v8-actions/iTrust2-v8-actions/iTrust2/src/main/java/edu/ncsu/csc/iTrust2/controllers/api/APIOfficeVisitController.java:28:5: Missing a Javadoc comment. [JavadocVariable]
[WARN] /home/runner/work/iTrust2-v8-actions/iTrust2-v8-actions/iTrust2/src/main/java/edu/ncsu/csc/iTrust2/controllers/api/APIOfficeVisitController.java:31:5: Missing a Javadoc comment. [JavadocVariable]
[WARN] /home/runner/work/iTrust2-v8-actions/iTrust2-v8-actions/iTrust2/src/main/java/edu/ncsu/csc/iTrust2/controllers/api/APIOfficeVisitController.java:34:5: Missing a Javadoc comment. [JavadocVariable]
[WARN] /home/runner/work/iTrust2-v8-actions/iTrust2-v8-actions/iTrust2/src/main/java/edu/ncsu/csc/iTrust2/controllers/api/APIPrescriptionController.java:36:5: Missing a Javadoc comment. [JavadocVariable]
[WARN] /home/runner/work/iTrust2-v8-actions/iTrust2-v8-actions/iTrust2/src/main/java/edu/ncsu/csc/iTrust2/controllers/api/APIPrescriptionController.java:39:5: Missing a Javadoc comment. [JavadocVariable]
[WARN] /home/runner/work/iTrust2-v8-actions/iTrust2-v8-actions/iTrust2/src/main/java/edu/ncsu/csc/iTrust2/controllers/api/APIPrescriptionController.java:42:5: Missing a Javadoc comment. [JavadocVariable]
[WARN] /home/runner/work/iTrust2-v8-actions/iTrust2-v8-actions/iTrust2/src/main/java/edu/ncsu/csc/iTrust2/controllers/api/APIEmailController.java:12:1: Missing a Javadoc comment. [MissingJavadocType]
[WARN] /home/runner/work/iTrust2-v8-actions/iTrust2-v8-actions/iTrust2/src/main/java/edu/ncsu/csc/iTrust2/controllers/api/APIEmailController.java:15:5: Missing a Javadoc comment. [JavadocVariable]
[WARN] /home/runner/work/iTrust2-v8-actions/iTrust2-v8-actions/iTrust2/src/main/java/edu/ncsu/csc/iTrust2/controllers/api/APIEmailController.java:18:5: Missing a Javadoc comment. [MissingJavadocMethod]
[WARN] /home/runner/work/iTrust2-v8-actions/iTrust2-v8-actions/iTrust2/src/main/java/edu/ncsu/csc/iTrust2/controllers/api/APIEnumController.java:35:5: Missing a Javadoc comment. [JavadocVariable]
[WARN] /home/runner/work/iTrust2-v8-actions/iTrust2-v8-actions/iTrust2/src/main/java/edu/ncsu/csc/iTrust2/controllers/api/APIEnumController.java:38:5: Missing a Javadoc comment. [JavadocVariable]
[WARN] /home/runner/work/iTrust2-v8-actions/iTrust2-v8-actions/iTrust2/src/main/java/edu/ncsu/csc/iTrust2/controllers/api/APILogEntryController.java:42:5: Missing a Javadoc comment. [JavadocVariable]
[WARN] /home/runner/work/iTrust2-v8-actions/iTrust2-v8-actions/iTrust2/src/main/java/edu/ncsu/csc/iTrust2/controllers/api/APILogEntryController.java:45:5: Missing a Javadoc comment. [JavadocVariable]
[WARN] /home/runner/work/iTrust2-v8-actions/iTrust2-v8-actions/iTrust2/src/main/java/edu/ncsu/csc/iTrust2/controllers/api/APILogEntryController.java:48:5: Missing a Javadoc comment. [JavadocVariable]
[WARN] /home/runner/work/iTrust2-v8-actions/iTrust2-v8-actions/iTrust2/src/main/java/edu/ncsu/csc/iTrust2/controllers/api/APIHospitalController.java:35:5: Missing a Javadoc comment. [JavadocVariable]
[WARN] /home/runner/work/iTrust2-v8-actions/iTrust2-v8-actions/iTrust2/src/main/java/edu/ncsu/csc/iTrust2/controllers/api/APIHospitalController.java:38:5: Missing a Javadoc comment. [JavadocVariable]
[WARN] /home/runner/work/iTrust2-v8-actions/iTrust2-v8-actions/iTrust2/src/main/java/edu/ncsu/csc/iTrust2/controllers/api/APIDrugController.java:34:5: Missing a Javadoc comment. [JavadocVariable]
[WARN] /home/runner/work/iTrust2-v8-actions/iTrust2-v8-actions/iTrust2/src/main/java/edu/ncsu/csc/iTrust2/controllers/api/APIDrugController.java:37:5: Missing a Javadoc comment. [JavadocVariable]
[WARN] /home/runner/work/iTrust2-v8-actions/iTrust2-v8-actions/iTrust2/src/main/java/edu/ncsu/csc/iTrust2/controllers/api/APIICDCodeController.java:36:5: Missing a Javadoc comment. [JavadocVariable]
[WARN] /home/runner/work/iTrust2-v8-actions/iTrust2-v8-actions/iTrust2/src/main/java/edu/ncsu/csc/iTrust2/controllers/api/APIICDCodeController.java:39:5: Missing a Javadoc comment. [JavadocVariable]
[WARN] /home/runner/work/iTrust2-v8-actions/iTrust2-v8-actions/iTrust2/src/main/java/edu/ncsu/csc/iTrust2/controllers/DefaultController.java:32:5: Missing a Javadoc comment. [MissingJavadocMethod]
[WARN] /home/runner/work/iTrust2-v8-actions/iTrust2-v8-actions/iTrust2/src/main/java/edu/ncsu/csc/iTrust2/controllers/DefaultController.java:48:19: '<' is followed by whitespace. [GenericWhitespace]
[WARN] /home/runner/work/iTrust2-v8-actions/iTrust2-v8-actions/iTrust2/src/main/java/edu/ncsu/csc/iTrust2/controllers/DefaultController.java:48:62: '<' is followed by whitespace. [GenericWhitespace]
[WARN] /home/runner/work/iTrust2-v8-actions/iTrust2-v8-actions/iTrust2/src/main/java/edu/ncsu/csc/iTrust2/controllers/DefaultController.java:54:5: Missing a Javadoc comment. [MissingJavadocMethod]
[WARN] /home/runner/work/iTrust2-v8-actions/iTrust2-v8-actions/iTrust2/src/main/java/edu/ncsu/csc/iTrust2/controllers/UserController.java:26:5: Missing a Javadoc comment. [JavadocVariable]
[WARN] /home/runner/work/iTrust2-v8-actions/iTrust2-v8-actions/iTrust2/src/main/java/edu/ncsu/csc/iTrust2/controllers/UserController.java:44:5: Missing a Javadoc comment. [MissingJavadocMethod]
[WARN] /home/runner/work/iTrust2-v8-actions/iTrust2-v8-actions/iTrust2/src/main/java/edu/ncsu/csc/iTrust2/config/WebSecurityConfig.java:23:1: Missing a Javadoc comment. [MissingJavadocType]
[WARN] /home/runner/work/iTrust2-v8-actions/iTrust2-v8-actions/iTrust2/src/main/java/edu/ncsu/csc/iTrust2/config/WebSecurityConfig.java:40: At-clause should have a non-empty description. [NonEmptyAtclauseDescription]
[WARN] /home/runner/work/iTrust2-v8-actions/iTrust2-v8-actions/iTrust2/src/main/java/edu/ncsu/csc/iTrust2/config/LoginAuditingListener.java:31:5: Missing a Javadoc comment. [JavadocVariable]
[WARN] /home/runner/work/iTrust2-v8-actions/iTrust2-v8-actions/iTrust2/src/main/java/edu/ncsu/csc/iTrust2/config/LoginAuditingListener.java:34:5: Missing a Javadoc comment. [JavadocVariable]
[WARN] /home/runner/work/iTrust2-v8-actions/iTrust2-v8-actions/iTrust2/src/main/java/edu/ncsu/csc/iTrust2/config/LoginAuditingListener.java:37:5: Missing a Javadoc comment. [JavadocVariable]
[WARN] /home/runner/work/iTrust2-v8-actions/iTrust2-v8-actions/iTrust2/src/main/java/edu/ncsu/csc/iTrust2/config/LoginAuditingListener.java:40:5: Missing a Javadoc comment. [JavadocVariable]
[WARN] /home/runner/work/iTrust2-v8-actions/iTrust2-v8-actions/iTrust2/src/main/java/edu/ncsu/csc/iTrust2/config/LoginAuditingListener.java:43:5: Missing a Javadoc comment. [JavadocVariable]
[WARN] /home/runner/work/iTrust2-v8-actions/iTrust2-v8-actions/iTrust2/src/main/java/edu/ncsu/csc/iTrust2/config/IPFilter.java:18:1: Missing a Javadoc comment. [MissingJavadocType]
[WARN] /home/runner/work/iTrust2-v8-actions/iTrust2-v8-actions/iTrust2/src/main/java/edu/ncsu/csc/iTrust2/config/IPFilter.java:20:5: Missing a Javadoc comment. [JavadocVariable]
[WARN] /home/runner/work/iTrust2-v8-actions/iTrust2-v8-actions/iTrust2/src/main/java/edu/ncsu/csc/iTrust2/config/IPFilter.java:23:5: Missing a Javadoc comment. [JavadocVariable]
[WARN] /home/runner/work/iTrust2-v8-actions/iTrust2-v8-actions/iTrust2/src/main/java/edu/ncsu/csc/iTrust2/config/FailureHandler.java:39:5: Missing a Javadoc comment. [JavadocVariable]
[WARN] /home/runner/work/iTrust2-v8-actions/iTrust2-v8-actions/iTrust2/src/main/java/edu/ncsu/csc/iTrust2/config/FailureHandler.java:42:5: Missing a Javadoc comment. [JavadocVariable]
[WARN] /home/runner/work/iTrust2-v8-actions/iTrust2-v8-actions/iTrust2/src/main/java/edu/ncsu/csc/iTrust2/config/FailureHandler.java:45:5: Missing a Javadoc comment. [JavadocVariable]
[WARN] /home/runner/work/iTrust2-v8-actions/iTrust2-v8-actions/iTrust2/src/main/java/edu/ncsu/csc/iTrust2/config/FailureHandler.java:48:5: Missing a Javadoc comment. [JavadocVariable]
[WARN] /home/runner/work/iTrust2-v8-actions/iTrust2-v8-actions/iTrust2/src/main/java/edu/ncsu/csc/iTrust2/config/FailureHandler.java:51:5: Missing a Javadoc comment. [JavadocVariable]
[WARN] /home/runner/work/iTrust2-v8-actions/iTrust2-v8-actions/iTrust2/src/main/java/edu/ncsu/csc/iTrust2/config/FailureHandler.java:54:5: Missing a Javadoc comment. [JavadocVariable]
[WARN] /home/runner/work/iTrust2-v8-actions/iTrust2-v8-actions/iTrust2/src/main/java/edu/ncsu/csc/iTrust2/forms/PrescriptionForm.java:17:5: Missing a Javadoc comment. [JavadocVariable]
[WARN] /home/runner/work/iTrust2-v8-actions/iTrust2-v8-actions/iTrust2/src/main/java/edu/ncsu/csc/iTrust2/forms/PrescriptionForm.java:18:5: Missing a Javadoc comment. [JavadocVariable]
[WARN] /home/runner/work/iTrust2-v8-actions/iTrust2-v8-actions/iTrust2/src/main/java/edu/ncsu/csc/iTrust2/forms/PrescriptionForm.java:19:5: Missing a Javadoc comment. [JavadocVariable]
[WARN] /home/runner/work/iTrust2-v8-actions/iTrust2-v8-actions/iTrust2/src/main/java/edu/ncsu/csc/iTrust2/forms/PrescriptionForm.java:20:5: Missing a Javadoc comment. [JavadocVariable]
[WARN] /home/runner/work/iTrust2-v8-actions/iTrust2-v8-actions/iTrust2/src/main/java/edu/ncsu/csc/iTrust2/forms/PrescriptionForm.java:21:5: Missing a Javadoc comment. [JavadocVariable]
[WARN] /home/runner/work/iTrust2-v8-actions/iTrust2-v8-actions/iTrust2/src/main/java/edu/ncsu/csc/iTrust2/forms/PrescriptionForm.java:22:5: Missing a Javadoc comment. [JavadocVariable]
[WARN] /home/runner/work/iTrust2-v8-actions/iTrust2-v8-actions/iTrust2/src/main/java/edu/ncsu/csc/iTrust2/forms/PrescriptionForm.java:23:5: Missing a Javadoc comment. [JavadocVariable]
[WARN] /home/runner/work/iTrust2-v8-actions/iTrust2-v8-actions/iTrust2/src/main/java/edu/ncsu/csc/iTrust2/forms/DrugForm.java:13:5: Missing a Javadoc comment. [JavadocVariable]
[WARN] /home/runner/work/iTrust2-v8-actions/iTrust2-v8-actions/iTrust2/src/main/java/edu/ncsu/csc/iTrust2/forms/DrugForm.java:14:5: Missing a Javadoc comment. [JavadocVariable]
[WARN] /home/runner/work/iTrust2-v8-actions/iTrust2-v8-actions/iTrust2/src/main/java/edu/ncsu/csc/iTrust2/forms/DrugForm.java:15:5: Missing a Javadoc comment. [JavadocVariable]
[WARN] /home/runner/work/iTrust2-v8-actions/iTrust2-v8-actions/iTrust2/src/main/java/edu/ncsu/csc/iTrust2/forms/DrugForm.java:16:5: Missing a Javadoc comment. [JavadocVariable]
[WARN] /home/runner/work/iTrust2-v8-actions/iTrust2-v8-actions/iTrust2/src/main/java/edu/ncsu/csc/iTrust2/forms/OfficeVisitForm.java:141:5: Missing a Javadoc comment. [JavadocVariable]
[WARN] /home/runner/work/iTrust2-v8-actions/iTrust2-v8-actions/iTrust2/src/main/java/edu/ncsu/csc/iTrust2/forms/DiagnosisForm.java:7:1: Missing a Javadoc comment. [MissingJavadocType]
[WARN] /home/runner/work/iTrust2-v8-actions/iTrust2-v8-actions/iTrust2/src/main/java/edu/ncsu/csc/iTrust2/forms/DiagnosisForm.java:9:5: Missing a Javadoc comment. [JavadocVariable]
[WARN] /home/runner/work/iTrust2-v8-actions/iTrust2-v8-actions/iTrust2/src/main/java/edu/ncsu/csc/iTrust2/forms/DiagnosisForm.java:11:5: Missing a Javadoc comment. [JavadocVariable]
[WARN] /home/runner/work/iTrust2-v8-actions/iTrust2-v8-actions/iTrust2/src/main/java/edu/ncsu/csc/iTrust2/forms/DiagnosisForm.java:13:5: Missing a Javadoc comment. [JavadocVariable]
[WARN] /home/runner/work/iTrust2-v8-actions/iTrust2-v8-actions/iTrust2/src/main/java/edu/ncsu/csc/iTrust2/forms/DiagnosisForm.java:15:5: Missing a Javadoc comment. [JavadocVariable]
[WARN] /home/runner/work/iTrust2-v8-actions/iTrust2-v8-actions/iTrust2/src/main/java/edu/ncsu/csc/iTrust2/forms/DiagnosisForm.java:17:5: Missing a Javadoc comment. [MissingJavadocMethod]
[WARN] /home/runner/work/iTrust2-v8-actions/iTrust2-v8-actions/iTrust2/src/main/java/edu/ncsu/csc/iTrust2/forms/DiagnosisForm.java:21:5: Missing a Javadoc comment. [MissingJavadocMethod]
[WARN] /home/runner/work/iTrust2-v8-actions/iTrust2-v8-actions/iTrust2/src/main/java/edu/ncsu/csc/iTrust2/forms/DiagnosisForm.java:32:5: Missing a Javadoc comment. [MissingJavadocMethod]
[WARN] /home/runner/work/iTrust2-v8-actions/iTrust2-v8-actions/iTrust2/src/main/java/edu/ncsu/csc/iTrust2/forms/DiagnosisForm.java:36:5: Missing a Javadoc comment. [MissingJavadocMethod]
[WARN] /home/runner/work/iTrust2-v8-actions/iTrust2-v8-actions/iTrust2/src/main/java/edu/ncsu/csc/iTrust2/forms/DiagnosisForm.java:40:5: Missing a Javadoc comment. [MissingJavadocMethod]
[WARN] /home/runner/work/iTrust2-v8-actions/iTrust2-v8-actions/iTrust2/src/main/java/edu/ncsu/csc/iTrust2/forms/DiagnosisForm.java:44:5: Missing a Javadoc comment. [MissingJavadocMethod]
[WARN] /home/runner/work/iTrust2-v8-actions/iTrust2-v8-actions/iTrust2/src/main/java/edu/ncsu/csc/iTrust2/forms/DiagnosisForm.java:48:5: Missing a Javadoc comment. [MissingJavadocMethod]
[WARN] /home/runner/work/iTrust2-v8-actions/iTrust2-v8-actions/iTrust2/src/main/java/edu/ncsu/csc/iTrust2/forms/DiagnosisForm.java:52:5: Missing a Javadoc comment. [MissingJavadocMethod]
[WARN] /home/runner/work/iTrust2-v8-actions/iTrust2-v8-actions/iTrust2/src/main/java/edu/ncsu/csc/iTrust2/forms/DiagnosisForm.java:56:5: Missing a Javadoc comment. [MissingJavadocMethod]
[WARN] /home/runner/work/iTrust2-v8-actions/iTrust2-v8-actions/iTrust2/src/main/java/edu/ncsu/csc/iTrust2/forms/DiagnosisForm.java:60:5: Missing a Javadoc comment. [MissingJavadocMethod]
[WARN] /home/runner/work/iTrust2-v8-actions/iTrust2-v8-actions/iTrust2/src/main/java/edu/ncsu/csc/iTrust2/forms/ICDCodeForm.java:19:5: Missing a Javadoc comment. [JavadocVariable]
[WARN] /home/runner/work/iTrust2-v8-actions/iTrust2-v8-actions/iTrust2/src/main/java/edu/ncsu/csc/iTrust2/forms/ICDCodeForm.java:97:5: Definition of 'equals()' without corresponding definition of 'hashCode()'. [EqualsHashCode]
[WARN] /home/runner/work/iTrust2-v8-actions/iTrust2-v8-actions/iTrust2/src/main/java/edu/ncsu/csc/iTrust2/forms/PatientForm.java:74:5: Missing a Javadoc comment. [JavadocVariable]
[WARN] /home/runner/work/iTrust2-v8-actions/iTrust2-v8-actions/iTrust2/src/main/java/edu/ncsu/csc/iTrust2/services/HospitalService.java:12:1: Missing a Javadoc comment. [MissingJavadocType]
[WARN] /home/runner/work/iTrust2-v8-actions/iTrust2-v8-actions/iTrust2/src/main/java/edu/ncsu/csc/iTrust2/services/HospitalService.java:16:5: Missing a Javadoc comment. [JavadocVariable]
[WARN] /home/runner/work/iTrust2-v8-actions/iTrust2-v8-actions/iTrust2/src/main/java/edu/ncsu/csc/iTrust2/services/HospitalService.java:24:5: Missing a Javadoc comment. [MissingJavadocMethod]
[WARN] /home/runner/work/iTrust2-v8-actions/iTrust2-v8-actions/iTrust2/src/main/java/edu/ncsu/csc/iTrust2/services/security/LoginLockoutService.java:16:1: Missing a Javadoc comment. [MissingJavadocType]
[WARN] /home/runner/work/iTrust2-v8-actions/iTrust2-v8-actions/iTrust2/src/main/java/edu/ncsu/csc/iTrust2/services/security/LoginLockoutService.java:20:5: Missing a Javadoc comment. [JavadocVariable]
[WARN] /home/runner/work/iTrust2-v8-actions/iTrust2-v8-actions/iTrust2/src/main/java/edu/ncsu/csc/iTrust2/services/security/LoginLockoutService.java:28:5: Missing a Javadoc comment. [MissingJavadocMethod]
[WARN] /home/runner/work/iTrust2-v8-actions/iTrust2-v8-actions/iTrust2/src/main/java/edu/ncsu/csc/iTrust2/services/security/LoginLockoutService.java:36:5: Missing a Javadoc comment. [MissingJavadocMethod]
[WARN] /home/runner/work/iTrust2-v8-actions/iTrust2-v8-actions/iTrust2/src/main/java/edu/ncsu/csc/iTrust2/services/security/LoginLockoutService.java:41:5: Missing a Javadoc comment. [MissingJavadocMethod]
[WARN] /home/runner/work/iTrust2-v8-actions/iTrust2-v8-actions/iTrust2/src/main/java/edu/ncsu/csc/iTrust2/services/security/LoginLockoutService.java:48:5: Missing a Javadoc comment. [MissingJavadocMethod]
[WARN] /home/runner/work/iTrust2-v8-actions/iTrust2-v8-actions/iTrust2/src/main/java/edu/ncsu/csc/iTrust2/services/security/LoginLockoutService.java:54:5: Missing a Javadoc comment. [MissingJavadocMethod]
[WARN] /home/runner/work/iTrust2-v8-actions/iTrust2-v8-actions/iTrust2/src/main/java/edu/ncsu/csc/iTrust2/services/security/LoginLockoutService.java:58:5: Missing a Javadoc comment. [MissingJavadocMethod]
[WARN] /home/runner/work/iTrust2-v8-actions/iTrust2-v8-actions/iTrust2/src/main/java/edu/ncsu/csc/iTrust2/services/security/LoginAttemptService.java:13:1: Missing a Javadoc comment. [MissingJavadocType]
[WARN] /home/runner/work/iTrust2-v8-actions/iTrust2-v8-actions/iTrust2/src/main/java/edu/ncsu/csc/iTrust2/services/security/LoginAttemptService.java:17:5: Missing a Javadoc comment. [JavadocVariable]
[WARN] /home/runner/work/iTrust2-v8-actions/iTrust2-v8-actions/iTrust2/src/main/java/edu/ncsu/csc/iTrust2/services/security/LoginAttemptService.java:25:5: Missing a Javadoc comment. [MissingJavadocMethod]
[WARN] /home/runner/work/iTrust2-v8-actions/iTrust2-v8-actions/iTrust2/src/main/java/edu/ncsu/csc/iTrust2/services/security/LoginAttemptService.java:29:5: Missing a Javadoc comment. [MissingJavadocMethod]
[WARN] /home/runner/work/iTrust2-v8-actions/iTrust2-v8-actions/iTrust2/src/main/java/edu/ncsu/csc/iTrust2/services/security/LoginAttemptService.java:33:5: Missing a Javadoc comment. [MissingJavadocMethod]
[WARN] /home/runner/work/iTrust2-v8-actions/iTrust2-v8-actions/iTrust2/src/main/java/edu/ncsu/csc/iTrust2/services/security/LoginAttemptService.java:37:5: Missing a Javadoc comment. [MissingJavadocMethod]
[WARN] /home/runner/work/iTrust2-v8-actions/iTrust2-v8-actions/iTrust2/src/main/java/edu/ncsu/csc/iTrust2/services/security/LogEntryService.java:17:1: Missing a Javadoc comment. [MissingJavadocType]
[WARN] /home/runner/work/iTrust2-v8-actions/iTrust2-v8-actions/iTrust2/src/main/java/edu/ncsu/csc/iTrust2/services/security/LogEntryService.java:21:5: Missing a Javadoc comment. [JavadocVariable]
[WARN] /home/runner/work/iTrust2-v8-actions/iTrust2-v8-actions/iTrust2/src/main/java/edu/ncsu/csc/iTrust2/services/security/LogEntryService.java:29:5: Missing a Javadoc comment. [MissingJavadocMethod]
[WARN] /home/runner/work/iTrust2-v8-actions/iTrust2-v8-actions/iTrust2/src/main/java/edu/ncsu/csc/iTrust2/services/security/LogEntryService.java:33:5: Missing a Javadoc comment. [MissingJavadocMethod]
[WARN] /home/runner/work/iTrust2-v8-actions/iTrust2-v8-actions/iTrust2/src/main/java/edu/ncsu/csc/iTrust2/services/security/LoginBanService.java:13:1: Missing a Javadoc comment. [MissingJavadocType]
[WARN] /home/runner/work/iTrust2-v8-actions/iTrust2-v8-actions/iTrust2/src/main/java/edu/ncsu/csc/iTrust2/services/security/LoginBanService.java:17:5: Missing a Javadoc comment. [JavadocVariable]
[WARN] /home/runner/work/iTrust2-v8-actions/iTrust2-v8-actions/iTrust2/src/main/java/edu/ncsu/csc/iTrust2/services/security/LoginBanService.java:25:5: Missing a Javadoc comment. [MissingJavadocMethod]
[WARN] /home/runner/work/iTrust2-v8-actions/iTrust2-v8-actions/iTrust2/src/main/java/edu/ncsu/csc/iTrust2/services/security/LoginBanService.java:29:5: Missing a Javadoc comment. [MissingJavadocMethod]
[WARN] /home/runner/work/iTrust2-v8-actions/iTrust2-v8-actions/iTrust2/src/main/java/edu/ncsu/csc/iTrust2/services/security/LoginBanService.java:33:5: Missing a Javadoc comment. [MissingJavadocMethod]
[WARN] /home/runner/work/iTrust2-v8-actions/iTrust2-v8-actions/iTrust2/src/main/java/edu/ncsu/csc/iTrust2/services/security/LoginBanService.java:37:5: Missing a Javadoc comment. [MissingJavadocMethod]
[WARN] /home/runner/work/iTrust2-v8-actions/iTrust2-v8-actions/iTrust2/src/main/java/edu/ncsu/csc/iTrust2/services/DrugService.java:12:1: Missing a Javadoc comment. [MissingJavadocType]
[WARN] /home/runner/work/iTrust2-v8-actions/iTrust2-v8-actions/iTrust2/src/main/java/edu/ncsu/csc/iTrust2/services/DrugService.java:16:5: Missing a Javadoc comment. [JavadocVariable]
[WARN] /home/runner/work/iTrust2-v8-actions/iTrust2-v8-actions/iTrust2/src/main/java/edu/ncsu/csc/iTrust2/services/DrugService.java:24:5: Missing a Javadoc comment. [MissingJavadocMethod]
[WARN] /home/runner/work/iTrust2-v8-actions/iTrust2-v8-actions/iTrust2/src/main/java/edu/ncsu/csc/iTrust2/services/DrugService.java:28:5: Missing a Javadoc comment. [MissingJavadocMethod]
[WARN] /home/runner/work/iTrust2-v8-actions/iTrust2-v8-actions/iTrust2/src/main/java/edu/ncsu/csc/iTrust2/services/PersonnelService.java:11:1: Missing a Javadoc comment. [MissingJavadocType]
[WARN] /home/runner/work/iTrust2-v8-actions/iTrust2-v8-actions/iTrust2/src/main/java/edu/ncsu/csc/iTrust2/services/PersonnelService.java:15:5: Missing a Javadoc comment. [JavadocVariable]
[WARN] /home/runner/work/iTrust2-v8-actions/iTrust2-v8-actions/iTrust2/src/main/java/edu/ncsu/csc/iTrust2/services/UserService.java:13:1: Missing a Javadoc comment. [MissingJavadocType]
[WARN] /home/runner/work/iTrust2-v8-actions/iTrust2-v8-actions/iTrust2/src/main/java/edu/ncsu/csc/iTrust2/services/UserService.java:18:5: Missing a Javadoc comment. [JavadocVariable]
[WARN] /home/runner/work/iTrust2-v8-actions/iTrust2-v8-actions/iTrust2/src/main/java/edu/ncsu/csc/iTrust2/services/UserService.java:26:5: Missing a Javadoc comment. [MissingJavadocMethod]
[WARN] /home/runner/work/iTrust2-v8-actions/iTrust2-v8-actions/iTrust2/src/main/java/edu/ncsu/csc/iTrust2/services/PrescriptionService.java:17:1: Missing a Javadoc comment. [MissingJavadocType]
[WARN] /home/runner/work/iTrust2-v8-actions/iTrust2-v8-actions/iTrust2/src/main/java/edu/ncsu/csc/iTrust2/services/PrescriptionService.java:21:5: Missing a Javadoc comment. [JavadocVariable]
[WARN] /home/runner/work/iTrust2-v8-actions/iTrust2-v8-actions/iTrust2/src/main/java/edu/ncsu/csc/iTrust2/services/PrescriptionService.java:24:5: Missing a Javadoc comment. [JavadocVariable]
[WARN] /home/runner/work/iTrust2-v8-actions/iTrust2-v8-actions/iTrust2/src/main/java/edu/ncsu/csc/iTrust2/services/PrescriptionService.java:27:5: Missing a Javadoc comment. [JavadocVariable]
[WARN] /home/runner/work/iTrust2-v8-actions/iTrust2-v8-actions/iTrust2/src/main/java/edu/ncsu/csc/iTrust2/services/PrescriptionService.java:35:5: Missing a Javadoc comment. [MissingJavadocMethod]
[WARN] /home/runner/work/iTrust2-v8-actions/iTrust2-v8-actions/iTrust2/src/main/java/edu/ncsu/csc/iTrust2/services/PrescriptionService.java:53:5: Missing a Javadoc comment. [MissingJavadocMethod]
[WARN] /home/runner/work/iTrust2-v8-actions/iTrust2-v8-actions/iTrust2/src/main/java/edu/ncsu/csc/iTrust2/services/BasicHealthMetricsService.java:13:1: Missing a Javadoc comment. [MissingJavadocType]
[WARN] /home/runner/work/iTrust2-v8-actions/iTrust2-v8-actions/iTrust2/src/main/java/edu/ncsu/csc/iTrust2/services/BasicHealthMetricsService.java:16:5: Missing a Javadoc comment. [JavadocVariable]
[WARN] /home/runner/work/iTrust2-v8-actions/iTrust2-v8-actions/iTrust2/src/main/java/edu/ncsu/csc/iTrust2/services/BasicHealthMetricsService.java:19:5: Missing a Javadoc comment. [JavadocVariable]
[WARN] /home/runner/work/iTrust2-v8-actions/iTrust2-v8-actions/iTrust2/src/main/java/edu/ncsu/csc/iTrust2/services/BasicHealthMetricsService.java:27:5: Missing a Javadoc comment. [MissingJavadocMethod]
[WARN] /home/runner/work/iTrust2-v8-actions/iTrust2-v8-actions/iTrust2/src/main/java/edu/ncsu/csc/iTrust2/services/PatientService.java:11:1: Missing a Javadoc comment. [MissingJavadocType]
[WARN] /home/runner/work/iTrust2-v8-actions/iTrust2-v8-actions/iTrust2/src/main/java/edu/ncsu/csc/iTrust2/services/PatientService.java:15:5: Missing a Javadoc comment. [JavadocVariable]
[WARN] /home/runner/work/iTrust2-v8-actions/iTrust2-v8-actions/iTrust2/src/main/java/edu/ncsu/csc/iTrust2/services/ICDCodeService.java:12:1: Missing a Javadoc comment. [MissingJavadocType]
[WARN] /home/runner/work/iTrust2-v8-actions/iTrust2-v8-actions/iTrust2/src/main/java/edu/ncsu/csc/iTrust2/services/ICDCodeService.java:16:5: Missing a Javadoc comment. [JavadocVariable]
[WARN] /home/runner/work/iTrust2-v8-actions/iTrust2-v8-actions/iTrust2/src/main/java/edu/ncsu/csc/iTrust2/services/ICDCodeService.java:24:5: Missing a Javadoc comment. [MissingJavadocMethod]
[WARN] /home/runner/work/iTrust2-v8-actions/iTrust2-v8-actions/iTrust2/src/main/java/edu/ncsu/csc/iTrust2/services/Service.java:57:16: '<' is followed by whitespace. [GenericWhitespace]
[WARN] /home/runner/work/iTrust2-v8-actions/iTrust2-v8-actions/iTrust2/src/main/java/edu/ncsu/csc/iTrust2/services/Service.java:69:37: '<' is followed by whitespace. [GenericWhitespace]
[WARN] /home/runner/work/iTrust2-v8-actions/iTrust2-v8-actions/iTrust2/src/main/java/edu/ncsu/csc/iTrust2/services/Service.java:115:19: '<' is followed by whitespace. [GenericWhitespace]
[WARN] /home/runner/work/iTrust2-v8-actions/iTrust2-v8-actions/iTrust2/src/main/java/edu/ncsu/csc/iTrust2/services/Service.java:120:5: Missing a Javadoc comment. [MissingJavadocMethod]
[WARN] /home/runner/work/iTrust2-v8-actions/iTrust2-v8-actions/iTrust2/src/main/java/edu/ncsu/csc/iTrust2/services/Service.java:124:5: Missing a Javadoc comment. [MissingJavadocMethod]
[WARN] /home/runner/work/iTrust2-v8-actions/iTrust2-v8-actions/iTrust2/src/main/java/edu/ncsu/csc/iTrust2/services/OfficeVisitService.java:24:1: Missing a Javadoc comment. [MissingJavadocType]
[WARN] /home/runner/work/iTrust2-v8-actions/iTrust2-v8-actions/iTrust2/src/main/java/edu/ncsu/csc/iTrust2/services/OfficeVisitService.java:28:5: Missing a Javadoc comment. [JavadocVariable]
[WARN] /home/runner/work/iTrust2-v8-actions/iTrust2-v8-actions/iTrust2/src/main/java/edu/ncsu/csc/iTrust2/services/OfficeVisitService.java:31:5: Missing a Javadoc comment. [JavadocVariable]
[WARN] /home/runner/work/iTrust2-v8-actions/iTrust2-v8-actions/iTrust2/src/main/java/edu/ncsu/csc/iTrust2/services/OfficeVisitService.java:34:5: Missing a Javadoc comment. [JavadocVariable]
[WARN] /home/runner/work/iTrust2-v8-actions/iTrust2-v8-actions/iTrust2/src/main/java/edu/ncsu/csc/iTrust2/services/OfficeVisitService.java:37:5: Missing a Javadoc comment. [JavadocVariable]
[WARN] /home/runner/work/iTrust2-v8-actions/iTrust2-v8-actions/iTrust2/src/main/java/edu/ncsu/csc/iTrust2/services/OfficeVisitService.java:40:5: Missing a Javadoc comment. [JavadocVariable]
[WARN] /home/runner/work/iTrust2-v8-actions/iTrust2-v8-actions/iTrust2/src/main/java/edu/ncsu/csc/iTrust2/services/OfficeVisitService.java:43:5: Missing a Javadoc comment. [JavadocVariable]
[WARN] /home/runner/work/iTrust2-v8-actions/iTrust2-v8-actions/iTrust2/src/main/java/edu/ncsu/csc/iTrust2/services/OfficeVisitService.java:46:5: Missing a Javadoc comment. [JavadocVariable]
[WARN] /home/runner/work/iTrust2-v8-actions/iTrust2-v8-actions/iTrust2/src/main/java/edu/ncsu/csc/iTrust2/services/OfficeVisitService.java:54:5: Missing a Javadoc comment. [MissingJavadocMethod]
[WARN] /home/runner/work/iTrust2-v8-actions/iTrust2-v8-actions/iTrust2/src/main/java/edu/ncsu/csc/iTrust2/services/OfficeVisitService.java:58:5: Missing a Javadoc comment. [MissingJavadocMethod]
[WARN] /home/runner/work/iTrust2-v8-actions/iTrust2-v8-actions/iTrust2/src/main/java/edu/ncsu/csc/iTrust2/services/OfficeVisitService.java:62:5: Missing a Javadoc comment. [MissingJavadocMethod]
[WARN] /home/runner/work/iTrust2-v8-actions/iTrust2-v8-actions/iTrust2/src/main/java/edu/ncsu/csc/iTrust2/services/OfficeVisitService.java:66:5: Missing a Javadoc comment. [MissingJavadocMethod]
[WARN] /home/runner/work/iTrust2-v8-actions/iTrust2-v8-actions/iTrust2/src/main/java/edu/ncsu/csc/iTrust2/services/DiagnosisService.java:18:1: Missing a Javadoc comment. [MissingJavadocType]
[WARN] /home/runner/work/iTrust2-v8-actions/iTrust2-v8-actions/iTrust2/src/main/java/edu/ncsu/csc/iTrust2/services/DiagnosisService.java:22:5: Missing a Javadoc comment. [JavadocVariable]
[WARN] /home/runner/work/iTrust2-v8-actions/iTrust2-v8-actions/iTrust2/src/main/java/edu/ncsu/csc/iTrust2/services/DiagnosisService.java:25:5: Missing a Javadoc comment. [JavadocVariable]
[WARN] /home/runner/work/iTrust2-v8-actions/iTrust2-v8-actions/iTrust2/src/main/java/edu/ncsu/csc/iTrust2/services/DiagnosisService.java:28:5: Missing a Javadoc comment. [JavadocVariable]
[WARN] /home/runner/work/iTrust2-v8-actions/iTrust2-v8-actions/iTrust2/src/main/java/edu/ncsu/csc/iTrust2/services/DiagnosisService.java:36:5: Missing a Javadoc comment. [MissingJavadocMethod]
[WARN] /home/runner/work/iTrust2-v8-actions/iTrust2-v8-actions/iTrust2/src/main/java/edu/ncsu/csc/iTrust2/services/DiagnosisService.java:46:5: Missing a Javadoc comment. [MissingJavadocMethod]
[WARN] /home/runner/work/iTrust2-v8-actions/iTrust2-v8-actions/iTrust2/src/main/java/edu/ncsu/csc/iTrust2/services/DiagnosisService.java:52:5: Missing a Javadoc comment. [MissingJavadocMethod]
[WARN] /home/runner/work/iTrust2-v8-actions/iTrust2-v8-actions/iTrust2/src/main/java/edu/ncsu/csc/iTrust2/services/AppointmentRequestService.java:19:1: Missing a Javadoc comment. [MissingJavadocType]
[WARN] /home/runner/work/iTrust2-v8-actions/iTrust2-v8-actions/iTrust2/src/main/java/edu/ncsu/csc/iTrust2/services/AppointmentRequestService.java:23:5: Missing a Javadoc comment. [JavadocVariable]
[WARN] /home/runner/work/iTrust2-v8-actions/iTrust2-v8-actions/iTrust2/src/main/java/edu/ncsu/csc/iTrust2/services/AppointmentRequestService.java:26:5: Missing a Javadoc comment. [JavadocVariable]
[WARN] /home/runner/work/iTrust2-v8-actions/iTrust2-v8-actions/iTrust2/src/main/java/edu/ncsu/csc/iTrust2/services/AppointmentRequestService.java:34:5: Missing a Javadoc comment. [MissingJavadocMethod]
[WARN] /home/runner/work/iTrust2-v8-actions/iTrust2-v8-actions/iTrust2/src/main/java/edu/ncsu/csc/iTrust2/services/AppointmentRequestService.java:38:5: Missing a Javadoc comment. [MissingJavadocMethod]
[WARN] /home/runner/work/iTrust2-v8-actions/iTrust2-v8-actions/iTrust2/src/main/java/edu/ncsu/csc/iTrust2/services/AppointmentRequestService.java:42:5: Missing a Javadoc comment. [MissingJavadocMethod]
[WARN] /home/runner/work/iTrust2-v8-actions/iTrust2-v8-actions/iTrust2/src/main/java/edu/ncsu/csc/iTrust2/services/AppointmentRequestService.java:46:5: Missing a Javadoc comment. [MissingJavadocMethod]
[WARN] /home/runner/work/iTrust2-v8-actions/iTrust2-v8-actions/iTrust2/src/main/java/edu/ncsu/csc/iTrust2/services/EmailService.java:15:1: Missing a Javadoc comment. [MissingJavadocType]
[WARN] /home/runner/work/iTrust2-v8-actions/iTrust2-v8-actions/iTrust2/src/main/java/edu/ncsu/csc/iTrust2/services/EmailService.java:19:5: Missing a Javadoc comment. [JavadocVariable]
[WARN] /home/runner/work/iTrust2-v8-actions/iTrust2-v8-actions/iTrust2/src/main/java/edu/ncsu/csc/iTrust2/services/EmailService.java:27:5: Missing a Javadoc comment. [MissingJavadocMethod]
[WARN] /home/runner/work/iTrust2-v8-actions/iTrust2-v8-actions/iTrust2/src/main/java/edu/ncsu/csc/iTrust2/repositories/AppointmentRequestRepository.java:10:1: Missing a Javadoc comment. [MissingJavadocType]
[WARN] /home/runner/work/iTrust2-v8-actions/iTrust2-v8-actions/iTrust2/src/main/java/edu/ncsu/csc/iTrust2/repositories/AppointmentRequestRepository.java:12:5: Missing a Javadoc comment. [MissingJavadocMethod]
[WARN] /home/runner/work/iTrust2-v8-actions/iTrust2-v8-actions/iTrust2/src/main/java/edu/ncsu/csc/iTrust2/repositories/AppointmentRequestRepository.java:14:5: Missing a Javadoc comment. [MissingJavadocMethod]
[WARN] /home/runner/work/iTrust2-v8-actions/iTrust2-v8-actions/iTrust2/src/main/java/edu/ncsu/csc/iTrust2/repositories/AppointmentRequestRepository.java:16:5: Missing a Javadoc comment. [MissingJavadocMethod]
[WARN] /home/runner/work/iTrust2-v8-actions/iTrust2-v8-actions/iTrust2/src/main/java/edu/ncsu/csc/iTrust2/repositories/BasicHealthMetricsRepository.java:7:1: Missing a Javadoc comment. [MissingJavadocType]
[WARN] /home/runner/work/iTrust2-v8-actions/iTrust2-v8-actions/iTrust2/src/main/java/edu/ncsu/csc/iTrust2/repositories/DiagnosisRepository.java:10:1: Missing a Javadoc comment. [MissingJavadocType]
[WARN] /home/runner/work/iTrust2-v8-actions/iTrust2-v8-actions/iTrust2/src/main/java/edu/ncsu/csc/iTrust2/repositories/DiagnosisRepository.java:12:5: Missing a Javadoc comment. [MissingJavadocMethod]
[WARN] /home/runner/work/iTrust2-v8-actions/iTrust2-v8-actions/iTrust2/src/main/java/edu/ncsu/csc/iTrust2/repositories/OfficeVisitRepository.java:10:1: Missing a Javadoc comment. [MissingJavadocType]
[WARN] /home/runner/work/iTrust2-v8-actions/iTrust2-v8-actions/iTrust2/src/main/java/edu/ncsu/csc/iTrust2/repositories/OfficeVisitRepository.java:12:5: Missing a Javadoc comment. [MissingJavadocMethod]
[WARN] /home/runner/work/iTrust2-v8-actions/iTrust2-v8-actions/iTrust2/src/main/java/edu/ncsu/csc/iTrust2/repositories/OfficeVisitRepository.java:14:5: Missing a Javadoc comment. [MissingJavadocMethod]
[WARN] /home/runner/work/iTrust2-v8-actions/iTrust2-v8-actions/iTrust2/src/main/java/edu/ncsu/csc/iTrust2/repositories/OfficeVisitRepository.java:16:5: Missing a Javadoc comment. [MissingJavadocMethod]
[WARN] /home/runner/work/iTrust2-v8-actions/iTrust2-v8-actions/iTrust2/src/main/java/edu/ncsu/csc/iTrust2/repositories/security/LoginAttemptRepository.java:8:1: Missing a Javadoc comment. [MissingJavadocType]
[WARN] /home/runner/work/iTrust2-v8-actions/iTrust2-v8-actions/iTrust2/src/main/java/edu/ncsu/csc/iTrust2/repositories/security/LoginLockoutRepository.java:10:1: Missing a Javadoc comment. [MissingJavadocType]
[WARN] /home/runner/work/iTrust2-v8-actions/iTrust2-v8-actions/iTrust2/src/main/java/edu/ncsu/csc/iTrust2/repositories/security/LogEntryRepository.java:11:1: Missing a Javadoc comment. [MissingJavadocType]
[WARN] /home/runner/work/iTrust2-v8-actions/iTrust2-v8-actions/iTrust2/src/main/java/edu/ncsu/csc/iTrust2/repositories/security/LoginBanRepository.java:8:1: Missing a Javadoc comment. [MissingJavadocType]
[WARN] /home/runner/work/iTrust2-v8-actions/iTrust2-v8-actions/iTrust2/src/main/java/edu/ncsu/csc/iTrust2/repositories/HospitalRepository.java:7:1: Missing a Javadoc comment. [MissingJavadocType]
[WARN] /home/runner/work/iTrust2-v8-actions/iTrust2-v8-actions/iTrust2/src/main/java/edu/ncsu/csc/iTrust2/repositories/HospitalRepository.java:9:5: Missing a Javadoc comment. [MissingJavadocMethod]
[WARN] /home/runner/work/iTrust2-v8-actions/iTrust2-v8-actions/iTrust2/src/main/java/edu/ncsu/csc/iTrust2/repositories/ICDCodeRepository.java:7:1: Missing a Javadoc comment. [MissingJavadocType]
[WARN] /home/runner/work/iTrust2-v8-actions/iTrust2-v8-actions/iTrust2/src/main/java/edu/ncsu/csc/iTrust2/repositories/ICDCodeRepository.java:9:5: Missing a Javadoc comment. [MissingJavadocMethod]
[WARN] /home/runner/work/iTrust2-v8-actions/iTrust2-v8-actions/iTrust2/src/main/java/edu/ncsu/csc/iTrust2/repositories/PersonnelRepository.java:7:1: Missing a Javadoc comment. [MissingJavadocType]
[WARN] /home/runner/work/iTrust2-v8-actions/iTrust2-v8-actions/iTrust2/src/main/java/edu/ncsu/csc/iTrust2/repositories/UserRepository.java:7:1: Missing a Javadoc comment. [MissingJavadocType]
[WARN] /home/runner/work/iTrust2-v8-actions/iTrust2-v8-actions/iTrust2/src/main/java/edu/ncsu/csc/iTrust2/repositories/UserRepository.java:9:5: Missing a Javadoc comment. [MissingJavadocMethod]
[WARN] /home/runner/work/iTrust2-v8-actions/iTrust2-v8-actions/iTrust2/src/main/java/edu/ncsu/csc/iTrust2/repositories/PatientRepository.java:7:1: Missing a Javadoc comment. [MissingJavadocType]
[WARN] /home/runner/work/iTrust2-v8-actions/iTrust2-v8-actions/iTrust2/src/main/java/edu/ncsu/csc/iTrust2/repositories/EmailRepository.java:10:1: Missing a Javadoc comment. [MissingJavadocType]
[WARN] /home/runner/work/iTrust2-v8-actions/iTrust2-v8-actions/iTrust2/src/main/java/edu/ncsu/csc/iTrust2/repositories/EmailRepository.java:12:5: Missing a Javadoc comment. [MissingJavadocMethod]
[WARN] /home/runner/work/iTrust2-v8-actions/iTrust2-v8-actions/iTrust2/src/main/java/edu/ncsu/csc/iTrust2/repositories/DrugRepository.java:7:1: Missing a Javadoc comment. [MissingJavadocType]
[WARN] /home/runner/work/iTrust2-v8-actions/iTrust2-v8-actions/iTrust2/src/main/java/edu/ncsu/csc/iTrust2/repositories/DrugRepository.java:9:5: Missing a Javadoc comment. [MissingJavadocMethod]
[WARN] /home/runner/work/iTrust2-v8-actions/iTrust2-v8-actions/iTrust2/src/main/java/edu/ncsu/csc/iTrust2/repositories/DrugRepository.java:11:5: Missing a Javadoc comment. [MissingJavadocMethod]
[WARN] /home/runner/work/iTrust2-v8-actions/iTrust2-v8-actions/iTrust2/src/main/java/edu/ncsu/csc/iTrust2/repositories/PrescriptionRepository.java:10:1: Missing a Javadoc comment. [MissingJavadocType]
[WARN] /home/runner/work/iTrust2-v8-actions/iTrust2-v8-actions/iTrust2/src/main/java/edu/ncsu/csc/iTrust2/repositories/PrescriptionRepository.java:12:5: Missing a Javadoc comment. [MissingJavadocMethod]
[WARN] /home/runner/work/iTrust2-v8-actions/iTrust2-v8-actions/iTrust2/src/main/java/edu/ncsu/csc/iTrust2/utils/EmailUtil.java:10:1: Missing a Javadoc comment. [MissingJavadocType]
[WARN] /home/runner/work/iTrust2-v8-actions/iTrust2-v8-actions/iTrust2/src/main/java/edu/ncsu/csc/iTrust2/utils/EmailUtil.java:13:5: Missing a Javadoc comment. [JavadocVariable]
[WARN] /home/runner/work/iTrust2-v8-actions/iTrust2-v8-actions/iTrust2/src/main/java/edu/ncsu/csc/iTrust2/utils/EmailUtil.java:16:5: Missing a Javadoc comment. [MissingJavadocMethod]
[WARN] /home/runner/work/iTrust2-v8-actions/iTrust2-v8-actions/iTrust2/src/main/java/edu/ncsu/csc/iTrust2/utils/EmailUtil.java:20:5: Missing a Javadoc comment. [MissingJavadocMethod]
[WARN] /home/runner/work/iTrust2-v8-actions/iTrust2-v8-actions/iTrust2/src/main/java/edu/ncsu/csc/iTrust2/utils/LoggerUtil.java:25:5: Missing a Javadoc comment. [JavadocVariable]
Audit done.
